 INFO | Using Persistence Adapter: KahaDBPersistenceAdapter[/home/bhagyashree/eclipse-workspace/apache-activemq/activemq-data/localhost/KahaDB]
 INFO | Page File: activemq-data/localhost/KahaDB/db.data. Recovering pageFile free list due to prior unclean shutdown..
 INFO | KahaDB is version 7
 INFO | Page File: activemq-data/localhost/KahaDB/db.data. Recovered pageFile free list of size: 0
 INFO | Recovering from the journal @1:28
 INFO | Recovery replayed 2 operations from the journal in 0.015 seconds.
 INFO | PListStore:[/home/bhagyashree/eclipse-workspace/apache-activemq/activemq-data/localhost/tmp_storage] started
 INFO | Apache ActiveMQ 5.17.1 (localhost, ID:shree-Lenovo-Z50-70-46113-1657274807834-0:1) is starting
 INFO | Apache ActiveMQ 5.17.1 (localhost, ID:shree-Lenovo-Z50-70-46113-1657274807834-0:1) started
 INFO | For help or more information please see: http://activemq.apache.org
 INFO | Connector vm://localhost started
 INFO | Sent message: 1257435906 : Thread-1
 INFO | Received: Hello world! From: Thread-1 : 25958353
 INFO | Sent message: 1267638006 : Thread-0
 INFO | Connector vm://localhost stopped
 INFO | Apache ActiveMQ 5.17.1 (localhost, ID:shree-Lenovo-Z50-70-46113-1657274807834-0:1) is shutting down
 INFO | PListStore:[/home/bhagyashree/eclipse-workspace/apache-activemq/activemq-data/localhost/tmp_storage] stopped
 INFO | Stopping async queue tasks
 INFO | Stopping async topic tasks
 INFO | Stopped KahaDB
 INFO | Apache ActiveMQ 5.17.1 (localhost, ID:shree-Lenovo-Z50-70-46113-1657274807834-0:1) uptime 0.887 seconds
 INFO | Apache ActiveMQ 5.17.1 (localhost, ID:shree-Lenovo-Z50-70-46113-1657274807834-0:1) is shutdown
 INFO | Using Persistence Adapter: KahaDBPersistenceAdapter[/home/bhagyashree/eclipse-workspace/apache-activemq/activemq-data/localhost/KahaDB]
 INFO | KahaDB is version 7
 INFO | PListStore:[/home/bhagyashree/eclipse-workspace/apache-activemq/activemq-data/localhost/tmp_storage] started
 INFO | Apache ActiveMQ 5.17.1 (localhost, ID:shree-Lenovo-Z50-70-46113-1657274807834-0:2) is starting
 INFO | Apache ActiveMQ 5.17.1 (localhost, ID:shree-Lenovo-Z50-70-46113-1657274807834-0:2) started
 INFO | For help or more information please see: http://activemq.apache.org
 INFO | Connector vm://localhost started
 INFO | Sent message: 325748021 : Thread-9
 INFO | Sent message: 1600573955 : Thread-11
 INFO | Received: Hello world! From: Thread-9 : 1449660828
 INFO | Received: Hello world! From: Thread-11 : 442785579
 INFO | Connector vm://localhost stopped
 INFO | Apache ActiveMQ 5.17.1 (localhost, ID:shree-Lenovo-Z50-70-46113-1657274807834-0:2) is shutting down
 INFO | PListStore:[/home/bhagyashree/eclipse-workspace/apache-activemq/activemq-data/localhost/tmp_storage] stopped
 INFO | Stopping async queue tasks
 INFO | Stopping async topic tasks
 INFO | Stopped KahaDB
 INFO | Apache ActiveMQ 5.17.1 (localhost, ID:shree-Lenovo-Z50-70-46113-1657274807834-0:2) uptime 0.083 seconds
 INFO | Apache ActiveMQ 5.17.1 (localhost, ID:shree-Lenovo-Z50-70-46113-1657274807834-0:2) is shutdown
 INFO | Using Persistence Adapter: KahaDBPersistenceAdapter[/home/bhagyashree/eclipse-workspace/apache-activemq/activemq-data/localhost/KahaDB]
 INFO | KahaDB is version 7
 INFO | PListStore:[/home/bhagyashree/eclipse-workspace/apache-activemq/activemq-data/localhost/tmp_storage] started
 INFO | Apache ActiveMQ 5.17.1 (localhost, ID:shree-Lenovo-Z50-70-46113-1657274807834-0:3) is starting
 INFO | Apache ActiveMQ 5.17.1 (localhost, ID:shree-Lenovo-Z50-70-46113-1657274807834-0:3) started
 INFO | For help or more information please see: http://activemq.apache.org
 INFO | Connector vm://localhost started
 INFO | Sent message: 1575131574 : Thread-18
 INFO | Sent message: 1752752603 : Thread-21
 INFO | Received: Hello world! From: Thread-18 : 417338574
 INFO | Received: Hello world! From: Thread-21 : 762997264
 INFO | Sent message: 2132380873 : Thread-23
 INFO | Received: Hello world! From: Thread-23 : 974853614
 INFO | Connector vm://localhost stopped
 INFO | Apache ActiveMQ 5.17.1 (localhost, ID:shree-Lenovo-Z50-70-46113-1657274807834-0:3) is shutting down
 INFO | PListStore:[/home/bhagyashree/eclipse-workspace/apache-activemq/activemq-data/localhost/tmp_storage] stopped
 INFO | Stopping async queue tasks
 INFO | Stopping async topic tasks
 INFO | Stopped KahaDB
 INFO | Apache ActiveMQ 5.17.1 (localhost, ID:shree-Lenovo-Z50-70-46113-1657274807834-0:3) uptime 0.067 seconds
 INFO | Apache ActiveMQ 5.17.1 (localhost, ID:shree-Lenovo-Z50-70-46113-1657274807834-0:3) is shutdown
 INFO | Using Persistence Adapter: KahaDBPersistenceAdapter[/home/bhagyashree/eclipse-workspace/apache-activemq/activemq-data/localhost/KahaDB]
 INFO | KahaDB is version 7
 INFO | PListStore:[/home/bhagyashree/eclipse-workspace/apache-activemq/activemq-data/localhost/tmp_storage] started
 INFO | Apache ActiveMQ 5.17.1 (localhost, ID:shree-Lenovo-Z50-70-46113-1657274807834-0:4) is starting
 INFO | Apache ActiveMQ 5.17.1 (localhost, ID:shree-Lenovo-Z50-70-46113-1657274807834-0:4) started
 INFO | For help or more information please see: http://activemq.apache.org
 INFO | Connector vm://localhost started
 INFO | Sent message: 1423935281 : Thread-33
 INFO | Sent message: 962387514 : Thread-36
 INFO | Sent message: 165803897 : Thread-31
 INFO | Sent message: 993798524 : Thread-28
 INFO | Sent message: 1312211354 : Thread-39
 INFO | Received: Hello world! From: Thread-36 : 2086555605
 INFO | Received: Hello world! From: Thread-33 : 299699054
 INFO | Received: Hello world! From: Thread-39 : 187977368
 INFO | Received: Hello world! From: Thread-31 : 1289973889
 INFO | Received: Hello world! From: Thread-28 : 1695867843
 INFO | Received: null
 INFO | Connector vm://localhost stopped
 INFO | Apache ActiveMQ 5.17.1 (localhost, ID:shree-Lenovo-Z50-70-46113-1657274807834-0:4) is shutting down
 INFO | PListStore:[/home/bhagyashree/eclipse-workspace/apache-activemq/activemq-data/localhost/tmp_storage] stopped
 INFO | Stopping async queue tasks
 INFO | Stopping async topic tasks
 INFO | Stopped KahaDB
 INFO | Apache ActiveMQ 5.17.1 (localhost, ID:shree-Lenovo-Z50-70-46113-1657274807834-0:4) uptime 1.132 seconds
 INFO | Apache ActiveMQ 5.17.1 (localhost, ID:shree-Lenovo-Z50-70-46113-1657274807834-0:4) is shutdown

